Determining if the pthread_create exist failed with the following output:
Change Dir: /home/nvidia/CLionProjects/LeaderFollowing_leader/build/CMakeFiles/CMakeTmp

Run Build Command:"/usr/bin/make" "cmTC_eea4f/fast"
/usr/bin/make -f CMakeFiles/cmTC_eea4f.dir/build.make CMakeFiles/cmTC_eea4f.dir/build
make[1]: Entering directory '/home/nvidia/CLionProjects/LeaderFollowing_leader/build/CMakeFiles/CMakeTmp'
Building C object CMakeFiles/cmTC_eea4f.dir/CheckSymbolExists.c.o
/usr/local/bin/gcc    -o CMakeFiles/cmTC_eea4f.dir/CheckSymbolExists.c.o   -c /home/nvidia/CLionProjects/LeaderFollowing_leader/build/CMakeFiles/CMakeTmp/CheckSymbolExists.c
Linking C executable cmTC_eea4f
/usr/local/bin/cmake -E cmake_link_script CMakeFiles/cmTC_eea4f.dir/link.txt --verbose=1
/usr/local/bin/gcc      -rdynamic CMakeFiles/cmTC_eea4f.dir/CheckSymbolExists.c.o  -o cmTC_eea4f 
CMakeFiles/cmTC_eea4f.dir/CheckSymbolExists.c.o: In function `main':
CheckSymbolExists.c:(.text+0x14): undefined reference to `pthread_create'
CheckSymbolExists.c:(.text+0x18): undefined reference to `pthread_create'
collect2: error: ld returned 1 exit status
CMakeFiles/cmTC_eea4f.dir/build.make:86: recipe for target 'cmTC_eea4f' failed
make[1]: *** [cmTC_eea4f] Error 1
make[1]: Leaving directory '/home/nvidia/CLionProjects/LeaderFollowing_leader/build/CMakeFiles/CMakeTmp'
Makefile:121: recipe for target 'cmTC_eea4f/fast' failed
make: *** [cmTC_eea4f/fast] Error 2

File /home/nvidia/CLionProjects/LeaderFollowing_leader/build/CMakeFiles/CMakeTmp/CheckSymbolExists.c:
/* */
#include <pthread.h>

int main(int argc, char** argv)
{
  (void)argv;
#ifndef pthread_create
  return ((int*)(&pthread_create))[argc];
#else
  (void)argc;
  return 0;
#endif
}

Determining if the function pthread_create exists in the pthreads failed with the following output:
Change Dir: /home/nvidia/CLionProjects/LeaderFollowing_leader/build/CMakeFiles/CMakeTmp

Run Build Command:"/usr/bin/make" "cmTC_05ad3/fast"
/usr/bin/make -f CMakeFiles/cmTC_05ad3.dir/build.make CMakeFiles/cmTC_05ad3.dir/build
make[1]: Entering directory '/home/nvidia/CLionProjects/LeaderFollowing_leader/build/CMakeFiles/CMakeTmp'
Building C object CMakeFiles/cmTC_05ad3.dir/CheckFunctionExists.c.o
/usr/local/bin/gcc   -DCHECK_FUNCTION_EXISTS=pthread_create   -o CMakeFiles/cmTC_05ad3.dir/CheckFunctionExists.c.o   -c /usr/local/share/cmake-3.12/Modules/CheckFunctionExists.c
Linking C executable cmTC_05ad3
/usr/local/bin/cmake -E cmake_link_script CMakeFiles/cmTC_05ad3.dir/link.txt --verbose=1
/usr/local/bin/gcc  -DCHECK_FUNCTION_EXISTS=pthread_create    -rdynamic CMakeFiles/cmTC_05ad3.dir/CheckFunctionExists.c.o  -o cmTC_05ad3 -lpthreads 
/usr/bin/ld: cannot find -lpthreads
collect2: error: ld returned 1 exit status
CMakeFiles/cmTC_05ad3.dir/build.make:86: recipe for target 'cmTC_05ad3' failed
make[1]: *** [cmTC_05ad3] Error 1
make[1]: Leaving directory '/home/nvidia/CLionProjects/LeaderFollowing_leader/build/CMakeFiles/CMakeTmp'
Makefile:121: recipe for target 'cmTC_05ad3/fast' failed
make: *** [cmTC_05ad3/fast] Error 2


