The system is: Linux - 4.9.140-tegra - aarch64
Compiling the C compiler identification source file "CMakeCCompilerId.c" succeeded.
Compiler: /usr/local/bin/gcc 
Build flags: 
Id flags:  

The output was:
0


Compilation of the C compiler identification source "CMakeCCompilerId.c" produced "a.out"

The C compiler identification is GNU, found in "/home/nvidia/CLionProjects/LeaderFollowing_leader/build/CMakeFiles/3.12.3/CompilerIdC/a.out"

Compiling the CXX compiler identification source file "CMakeCXXCompilerId.cpp" succeeded.
Compiler: /usr/local/bin/g++ 
Build flags: 
Id flags:  

The output was:
0


Compilation of the CXX compiler identification source "CMakeCXXCompilerId.cpp" produced "a.out"

The CXX compiler identification is GNU, found in "/home/nvidia/CLionProjects/LeaderFollowing_leader/build/CMakeFiles/3.12.3/CompilerIdCXX/a.out"

Determining if the C compiler works passed with the following output:
Change Dir: /home/nvidia/CLionProjects/LeaderFollowing_leader/build/CMakeFiles/CMakeTmp

Run Build Command:"/usr/bin/make" "cmTC_8707d/fast"
/usr/bin/make -f CMakeFiles/cmTC_8707d.dir/build.make CMakeFiles/cmTC_8707d.dir/build
make[1]: Entering directory '/home/nvidia/CLionProjects/LeaderFollowing_leader/build/CMakeFiles/CMakeTmp'
Building C object CMakeFiles/cmTC_8707d.dir/testCCompiler.c.o
/usr/local/bin/gcc    -o CMakeFiles/cmTC_8707d.dir/testCCompiler.c.o   -c /home/nvidia/CLionProjects/LeaderFollowing_leader/build/CMakeFiles/CMakeTmp/testCCompiler.c
Linking C executable cmTC_8707d
/usr/local/bin/cmake -E cmake_link_script CMakeFiles/cmTC_8707d.dir/link.txt --verbose=1
/usr/local/bin/gcc      -rdynamic CMakeFiles/cmTC_8707d.dir/testCCompiler.c.o  -o cmTC_8707d 
make[1]: Leaving directory '/home/nvidia/CLionProjects/LeaderFollowing_leader/build/CMakeFiles/CMakeTmp'


Detecting C compiler ABI info compiled with the following output:
Change Dir: /home/nvidia/CLionProjects/LeaderFollowing_leader/build/CMakeFiles/CMakeTmp

Run Build Command:"/usr/bin/make" "cmTC_168c7/fast"
/usr/bin/make -f CMakeFiles/cmTC_168c7.dir/build.make CMakeFiles/cmTC_168c7.dir/build
make[1]: Entering directory '/home/nvidia/CLionProjects/LeaderFollowing_leader/build/CMakeFiles/CMakeTmp'
Building C object CMakeFiles/cmTC_168c7.dir/CMakeCCompilerABI.c.o
/usr/local/bin/gcc    -o CMakeFiles/cmTC_168c7.dir/CMakeCCompilerABI.c.o   -c /usr/local/share/cmake-3.12/Modules/CMakeCCompilerABI.c
Linking C executable cmTC_168c7
/usr/local/bin/cmake -E cmake_link_script CMakeFiles/cmTC_168c7.dir/link.txt --verbose=1
/usr/local/bin/gcc     -v -rdynamic CMakeFiles/cmTC_168c7.dir/CMakeCCompilerABI.c.o  -o cmTC_168c7 
Using built-in specs.
COLLECT_GCC=/usr/local/bin/gcc
COLLECT_LTO_WRAPPER=/usr/local/libexec/gcc/aarch64-unknown-linux-gnu/8.1.0/lto-wrapper
Target: aarch64-unknown-linux-gnu
Configured with: ../gcc-8.1.0/configure --enable-checking=release --enable-languages=c,c++ --disable-multilib
Thread model: posix
gcc version 8.1.0 (GCC) 
COMPILER_PATH=/usr/local/libexec/gcc/aarch64-unknown-linux-gnu/8.1.0/:/usr/local/libexec/gcc/aarch64-unknown-linux-gnu/8.1.0/:/usr/local/libexec/gcc/aarch64-unknown-linux-gnu/:/usr/local/lib/gcc/aarch64-unknown-linux-gnu/8.1.0/:/usr/local/lib/gcc/aarch64-unknown-linux-gnu/
LIBRARY_PATH=/usr/local/lib/gcc/aarch64-unknown-linux-gnu/8.1.0/:/usr/local/lib/gcc/aarch64-unknown-linux-gnu/8.1.0/../../../../lib64/:/lib/aarch64-linux-gnu/:/usr/lib/aarch64-linux-gnu/:/usr/local/lib/gcc/aarch64-unknown-linux-gnu/8.1.0/../../../:/lib/:/usr/lib/
COLLECT_GCC_OPTIONS='-v' '-rdynamic' '-o' 'cmTC_168c7' '-mlittle-endian' '-mabi=lp64'
 /usr/local/libexec/gcc/aarch64-unknown-linux-gnu/8.1.0/collect2 -plugin /usr/local/libexec/gcc/aarch64-unknown-linux-gnu/8.1.0/liblto_plugin.so -plugin-opt=/usr/local/libexec/gcc/aarch64-unknown-linux-gnu/8.1.0/lto-wrapper -plugin-opt=-fresolution=/tmp/cc7LccEq.res -plugin-opt=-pass-through=-lgcc -plugin-opt=-pass-through=-lgcc_s -plugin-opt=-pass-through=-lc -plugin-opt=-pass-through=-lgcc -plugin-opt=-pass-through=-lgcc_s --eh-frame-hdr -export-dynamic -dynamic-linker /lib/ld-linux-aarch64.so.1 -X -EL -maarch64linux -o cmTC_168c7 /usr/lib/aarch64-linux-gnu/crt1.o /usr/lib/aarch64-linux-gnu/crti.o /usr/local/lib/gcc/aarch64-unknown-linux-gnu/8.1.0/crtbegin.o -L/usr/local/lib/gcc/aarch64-unknown-linux-gnu/8.1.0 -L/usr/local/lib/gcc/aarch64-unknown-linux-gnu/8.1.0/../../../../lib64 -L/lib/aarch64-linux-gnu -L/usr/lib/aarch64-linux-gnu -L/usr/local/lib/gcc/aarch64-unknown-linux-gnu/8.1.0/../../.. CMakeFiles/cmTC_168c7.dir/CMakeCCompilerABI.c.o -lgcc --as-needed -lgcc_s --no-as-needed -lc -lgcc --as-needed -lgcc_s --no-as-needed /usr/local/lib/gcc/aarch64-unknown-linux-gnu/8.1.0/crtend.o /usr/lib/aarch64-linux-gnu/crtn.o
COLLECT_GCC_OPTIONS='-v' '-rdynamic' '-o' 'cmTC_168c7' '-mlittle-endian' '-mabi=lp64'
make[1]: Leaving directory '/home/nvidia/CLionProjects/LeaderFollowing_leader/build/CMakeFiles/CMakeTmp'


Parsed C implicit link information from above output:
  link line regex: [^( *|.*[/\])(ld|CMAKE_LINK_STARTFILE-NOTFOUND|([^/\]+-)?ld|collect2)[^/\]*( |$)]
  ignore line: [Change Dir: /home/nvidia/CLionProjects/LeaderFollowing_leader/build/CMakeFiles/CMakeTmp]
  ignore line: []
  ignore line: [Run Build Command:"/usr/bin/make" "cmTC_168c7/fast"]
  ignore line: [/usr/bin/make -f CMakeFiles/cmTC_168c7.dir/build.make CMakeFiles/cmTC_168c7.dir/build]
  ignore line: [make[1]: Entering directory '/home/nvidia/CLionProjects/LeaderFollowing_leader/build/CMakeFiles/CMakeTmp']
  ignore line: [Building C object CMakeFiles/cmTC_168c7.dir/CMakeCCompilerABI.c.o]
  ignore line: [/usr/local/bin/gcc    -o CMakeFiles/cmTC_168c7.dir/CMakeCCompilerABI.c.o   -c /usr/local/share/cmake-3.12/Modules/CMakeCCompilerABI.c]
  ignore line: [Linking C executable cmTC_168c7]
  ignore line: [/usr/local/bin/cmake -E cmake_link_script CMakeFiles/cmTC_168c7.dir/link.txt --verbose=1]
  ignore line: [/usr/local/bin/gcc     -v -rdynamic CMakeFiles/cmTC_168c7.dir/CMakeCCompilerABI.c.o  -o cmTC_168c7 ]
  ignore line: [Using built-in specs.]
  ignore line: [COLLECT_GCC=/usr/local/bin/gcc]
  ignore line: [COLLECT_LTO_WRAPPER=/usr/local/libexec/gcc/aarch64-unknown-linux-gnu/8.1.0/lto-wrapper]
  ignore line: [Target: aarch64-unknown-linux-gnu]
  ignore line: [Configured with: ../gcc-8.1.0/configure --enable-checking=release --enable-languages=c,c++ --disable-multilib]
  ignore line: [Thread model: posix]
  ignore line: [gcc version 8.1.0 (GCC) ]
  ignore line: [COMPILER_PATH=/usr/local/libexec/gcc/aarch64-unknown-linux-gnu/8.1.0/:/usr/local/libexec/gcc/aarch64-unknown-linux-gnu/8.1.0/:/usr/local/libexec/gcc/aarch64-unknown-linux-gnu/:/usr/local/lib/gcc/aarch64-unknown-linux-gnu/8.1.0/:/usr/local/lib/gcc/aarch64-unknown-linux-gnu/]
  ignore line: [LIBRARY_PATH=/usr/local/lib/gcc/aarch64-unknown-linux-gnu/8.1.0/:/usr/local/lib/gcc/aarch64-unknown-linux-gnu/8.1.0/../../../../lib64/:/lib/aarch64-linux-gnu/:/usr/lib/aarch64-linux-gnu/:/usr/local/lib/gcc/aarch64-unknown-linux-gnu/8.1.0/../../../:/lib/:/usr/lib/]
  ignore line: [COLLECT_GCC_OPTIONS='-v' '-rdynamic' '-o' 'cmTC_168c7' '-mlittle-endian' '-mabi=lp64']
  link line: [ /usr/local/libexec/gcc/aarch64-unknown-linux-gnu/8.1.0/collect2 -plugin /usr/local/libexec/gcc/aarch64-unknown-linux-gnu/8.1.0/liblto_plugin.so -plugin-opt=/usr/local/libexec/gcc/aarch64-unknown-linux-gnu/8.1.0/lto-wrapper -plugin-opt=-fresolution=/tmp/cc7LccEq.res -plugin-opt=-pass-through=-lgcc -plugin-opt=-pass-through=-lgcc_s -plugin-opt=-pass-through=-lc -plugin-opt=-pass-through=-lgcc -plugin-opt=-pass-through=-lgcc_s --eh-frame-hdr -export-dynamic -dynamic-linker /lib/ld-linux-aarch64.so.1 -X -EL -maarch64linux -o cmTC_168c7 /usr/lib/aarch64-linux-gnu/crt1.o /usr/lib/aarch64-linux-gnu/crti.o /usr/local/lib/gcc/aarch64-unknown-linux-gnu/8.1.0/crtbegin.o -L/usr/local/lib/gcc/aarch64-unknown-linux-gnu/8.1.0 -L/usr/local/lib/gcc/aarch64-unknown-linux-gnu/8.1.0/../../../../lib64 -L/lib/aarch64-linux-gnu -L/usr/lib/aarch64-linux-gnu -L/usr/local/lib/gcc/aarch64-unknown-linux-gnu/8.1.0/../../.. CMakeFiles/cmTC_168c7.dir/CMakeCCompilerABI.c.o -lgcc --as-needed -lgcc_s --no-as-needed -lc -lgcc --as-needed -lgcc_s --no-as-needed /usr/local/lib/gcc/aarch64-unknown-linux-gnu/8.1.0/crtend.o /usr/lib/aarch64-linux-gnu/crtn.o]
    arg [/usr/local/libexec/gcc/aarch64-unknown-linux-gnu/8.1.0/collect2] ==> ignore
    arg [-plugin] ==> ignore
    arg [/usr/local/libexec/gcc/aarch64-unknown-linux-gnu/8.1.0/liblto_plugin.so] ==> ignore
    arg [-plugin-opt=/usr/local/libexec/gcc/aarch64-unknown-linux-gnu/8.1.0/lto-wrapper] ==> ignore
    arg [-plugin-opt=-fresolution=/tmp/cc7LccEq.res] ==> ignore
    arg [-plugin-opt=-pass-through=-lgcc] ==> ignore
    arg [-plugin-opt=-pass-through=-lgcc_s] ==> ignore
    arg [-plugin-opt=-pass-through=-lc] ==> ignore
    arg [-plugin-opt=-pass-through=-lgcc] ==> ignore
    arg [-plugin-opt=-pass-through=-lgcc_s] ==> ignore
    arg [--eh-frame-hdr] ==> ignore
    arg [-export-dynamic] ==> ignore
    arg [-dynamic-linker] ==> ignore
    arg [/lib/ld-linux-aarch64.so.1] ==> ignore
    arg [-X] ==> ignore
    arg [-EL] ==> ignore
    arg [-maarch64linux] ==> ignore
    arg [-o] ==> ignore
    arg [cmTC_168c7] ==> ignore
    arg [/usr/lib/aarch64-linux-gnu/crt1.o] ==> ignore
    arg [/usr/lib/aarch64-linux-gnu/crti.o] ==> ignore
    arg [/usr/local/lib/gcc/aarch64-unknown-linux-gnu/8.1.0/crtbegin.o] ==> ignore
    arg [-L/usr/local/lib/gcc/aarch64-unknown-linux-gnu/8.1.0] ==> dir [/usr/local/lib/gcc/aarch64-unknown-linux-gnu/8.1.0]
    arg [-L/usr/local/lib/gcc/aarch64-unknown-linux-gnu/8.1.0/../../../../lib64] ==> dir [/usr/local/lib/gcc/aarch64-unknown-linux-gnu/8.1.0/../../../../lib64]
    arg [-L/lib/aarch64-linux-gnu] ==> dir [/lib/aarch64-linux-gnu]
    arg [-L/usr/lib/aarch64-linux-gnu] ==> dir [/usr/lib/aarch64-linux-gnu]
    arg [-L/usr/local/lib/gcc/aarch64-unknown-linux-gnu/8.1.0/../../..] ==> dir [/usr/local/lib/gcc/aarch64-unknown-linux-gnu/8.1.0/../../..]
    arg [CMakeFiles/cmTC_168c7.dir/CMakeCCompilerABI.c.o] ==> ignore
    arg [-lgcc] ==> lib [gcc]
    arg [--as-needed] ==> ignore
    arg [-lgcc_s] ==> lib [gcc_s]
    arg [--no-as-needed] ==> ignore
    arg [-lc] ==> lib [c]
    arg [-lgcc] ==> lib [gcc]
    arg [--as-needed] ==> ignore
    arg [-lgcc_s] ==> lib [gcc_s]
    arg [--no-as-needed] ==> ignore
    arg [/usr/local/lib/gcc/aarch64-unknown-linux-gnu/8.1.0/crtend.o] ==> ignore
    arg [/usr/lib/aarch64-linux-gnu/crtn.o] ==> ignore
  collapse library dir [/usr/local/lib/gcc/aarch64-unknown-linux-gnu/8.1.0] ==> [/usr/local/lib/gcc/aarch64-unknown-linux-gnu/8.1.0]
  collapse library dir [/usr/local/lib/gcc/aarch64-unknown-linux-gnu/8.1.0/../../../../lib64] ==> [/usr/local/lib64]
  collapse library dir [/lib/aarch64-linux-gnu] ==> [/lib/aarch64-linux-gnu]
  collapse library dir [/usr/lib/aarch64-linux-gnu] ==> [/usr/lib/aarch64-linux-gnu]
  collapse library dir [/usr/local/lib/gcc/aarch64-unknown-linux-gnu/8.1.0/../../..] ==> [/usr/local/lib]
  implicit libs: [gcc;gcc_s;c;gcc;gcc_s]
  implicit dirs: [/usr/local/lib/gcc/aarch64-unknown-linux-gnu/8.1.0;/usr/local/lib64;/lib/aarch64-linux-gnu;/usr/lib/aarch64-linux-gnu;/usr/local/lib]
  implicit fwks: []




Detecting C [-std=c11] compiler features compiled with the following output:
Change Dir: /home/nvidia/CLionProjects/LeaderFollowing_leader/build/CMakeFiles/CMakeTmp

Run Build Command:"/usr/bin/make" "cmTC_2cf23/fast"
/usr/bin/make -f CMakeFiles/cmTC_2cf23.dir/build.make CMakeFiles/cmTC_2cf23.dir/build
make[1]: Entering directory '/home/nvidia/CLionProjects/LeaderFollowing_leader/build/CMakeFiles/CMakeTmp'
Building C object CMakeFiles/cmTC_2cf23.dir/feature_tests.c.o
/usr/local/bin/gcc   -std=c11 -o CMakeFiles/cmTC_2cf23.dir/feature_tests.c.o   -c /home/nvidia/CLionProjects/LeaderFollowing_leader/build/CMakeFiles/feature_tests.c
Linking C executable cmTC_2cf23
/usr/local/bin/cmake -E cmake_link_script CMakeFiles/cmTC_2cf23.dir/link.txt --verbose=1
/usr/local/bin/gcc      -rdynamic CMakeFiles/cmTC_2cf23.dir/feature_tests.c.o  -o cmTC_2cf23 
make[1]: Leaving directory '/home/nvidia/CLionProjects/LeaderFollowing_leader/build/CMakeFiles/CMakeTmp'


    Feature record: C_FEATURE:1c_function_prototypes
    Feature record: C_FEATURE:1c_restrict
    Feature record: C_FEATURE:1c_static_assert
    Feature record: C_FEATURE:1c_variadic_macros


Detecting C [-std=c99] compiler features compiled with the following output:
Change Dir: /home/nvidia/CLionProjects/LeaderFollowing_leader/build/CMakeFiles/CMakeTmp

Run Build Command:"/usr/bin/make" "cmTC_cc3b6/fast"
/usr/bin/make -f CMakeFiles/cmTC_cc3b6.dir/build.make CMakeFiles/cmTC_cc3b6.dir/build
make[1]: Entering directory '/home/nvidia/CLionProjects/LeaderFollowing_leader/build/CMakeFiles/CMakeTmp'
Building C object CMakeFiles/cmTC_cc3b6.dir/feature_tests.c.o
/usr/local/bin/gcc   -std=c99 -o CMakeFiles/cmTC_cc3b6.dir/feature_tests.c.o   -c /home/nvidia/CLionProjects/LeaderFollowing_leader/build/CMakeFiles/feature_tests.c
Linking C executable cmTC_cc3b6
/usr/local/bin/cmake -E cmake_link_script CMakeFiles/cmTC_cc3b6.dir/link.txt --verbose=1
/usr/local/bin/gcc      -rdynamic CMakeFiles/cmTC_cc3b6.dir/feature_tests.c.o  -o cmTC_cc3b6 
make[1]: Leaving directory '/home/nvidia/CLionProjects/LeaderFollowing_leader/build/CMakeFiles/CMakeTmp'


    Feature record: C_FEATURE:1c_function_prototypes
    Feature record: C_FEATURE:1c_restrict
    Feature record: C_FEATURE:0c_static_assert
    Feature record: C_FEATURE:1c_variadic_macros


Detecting C [-std=c90] compiler features compiled with the following output:
Change Dir: /home/nvidia/CLionProjects/LeaderFollowing_leader/build/CMakeFiles/CMakeTmp

Run Build Command:"/usr/bin/make" "cmTC_eb613/fast"
/usr/bin/make -f CMakeFiles/cmTC_eb613.dir/build.make CMakeFiles/cmTC_eb613.dir/build
make[1]: Entering directory '/home/nvidia/CLionProjects/LeaderFollowing_leader/build/CMakeFiles/CMakeTmp'
Building C object CMakeFiles/cmTC_eb613.dir/feature_tests.c.o
/usr/local/bin/gcc   -std=c90 -o CMakeFiles/cmTC_eb613.dir/feature_tests.c.o   -c /home/nvidia/CLionProjects/LeaderFollowing_leader/build/CMakeFiles/feature_tests.c
Linking C executable cmTC_eb613
/usr/local/bin/cmake -E cmake_link_script CMakeFiles/cmTC_eb613.dir/link.txt --verbose=1
/usr/local/bin/gcc      -rdynamic CMakeFiles/cmTC_eb613.dir/feature_tests.c.o  -o cmTC_eb613 
make[1]: Leaving directory '/home/nvidia/CLionProjects/LeaderFollowing_leader/build/CMakeFiles/CMakeTmp'


    Feature record: C_FEATURE:1c_function_prototypes
    Feature record: C_FEATURE:0c_restrict
    Feature record: C_FEATURE:0c_static_assert
    Feature record: C_FEATURE:0c_variadic_macros
Determining if the CXX compiler works passed with the following output:
Change Dir: /home/nvidia/CLionProjects/LeaderFollowing_leader/build/CMakeFiles/CMakeTmp

Run Build Command:"/usr/bin/make" "cmTC_efb10/fast"
/usr/bin/make -f CMakeFiles/cmTC_efb10.dir/build.make CMakeFiles/cmTC_efb10.dir/build
make[1]: Entering directory '/home/nvidia/CLionProjects/LeaderFollowing_leader/build/CMakeFiles/CMakeTmp'
Building CXX object CMakeFiles/cmTC_efb10.dir/testCXXCompiler.cxx.o
/usr/local/bin/g++     -o CMakeFiles/cmTC_efb10.dir/testCXXCompiler.cxx.o -c /home/nvidia/CLionProjects/LeaderFollowing_leader/build/CMakeFiles/CMakeTmp/testCXXCompiler.cxx
Linking CXX executable cmTC_efb10
/usr/local/bin/cmake -E cmake_link_script CMakeFiles/cmTC_efb10.dir/link.txt --verbose=1
/usr/local/bin/g++       -rdynamic CMakeFiles/cmTC_efb10.dir/testCXXCompiler.cxx.o  -o cmTC_efb10 
make[1]: Leaving directory '/home/nvidia/CLionProjects/LeaderFollowing_leader/build/CMakeFiles/CMakeTmp'


Detecting CXX compiler ABI info compiled with the following output:
Change Dir: /home/nvidia/CLionProjects/LeaderFollowing_leader/build/CMakeFiles/CMakeTmp

Run Build Command:"/usr/bin/make" "cmTC_78454/fast"
/usr/bin/make -f CMakeFiles/cmTC_78454.dir/build.make CMakeFiles/cmTC_78454.dir/build
make[1]: Entering directory '/home/nvidia/CLionProjects/LeaderFollowing_leader/build/CMakeFiles/CMakeTmp'
Building CXX object CMakeFiles/cmTC_78454.dir/CMakeCXXCompilerABI.cpp.o
/usr/local/bin/g++     -o CMakeFiles/cmTC_78454.dir/CMakeCXXCompilerABI.cpp.o -c /usr/local/share/cmake-3.12/Modules/CMakeCXXCompilerABI.cpp
Linking CXX executable cmTC_78454
/usr/local/bin/cmake -E cmake_link_script CMakeFiles/cmTC_78454.dir/link.txt --verbose=1
/usr/local/bin/g++      -v -rdynamic CMakeFiles/cmTC_78454.dir/CMakeCXXCompilerABI.cpp.o  -o cmTC_78454 
Using built-in specs.
COLLECT_GCC=/usr/local/bin/g++
COLLECT_LTO_WRAPPER=/usr/local/libexec/gcc/aarch64-unknown-linux-gnu/8.1.0/lto-wrapper
Target: aarch64-unknown-linux-gnu
Configured with: ../gcc-8.1.0/configure --enable-checking=release --enable-languages=c,c++ --disable-multilib
Thread model: posix
gcc version 8.1.0 (GCC) 
COMPILER_PATH=/usr/local/libexec/gcc/aarch64-unknown-linux-gnu/8.1.0/:/usr/local/libexec/gcc/aarch64-unknown-linux-gnu/8.1.0/:/usr/local/libexec/gcc/aarch64-unknown-linux-gnu/:/usr/local/lib/gcc/aarch64-unknown-linux-gnu/8.1.0/:/usr/local/lib/gcc/aarch64-unknown-linux-gnu/
LIBRARY_PATH=/usr/local/lib/gcc/aarch64-unknown-linux-gnu/8.1.0/:/usr/local/lib/gcc/aarch64-unknown-linux-gnu/8.1.0/../../../../lib64/:/lib/aarch64-linux-gnu/:/usr/lib/aarch64-linux-gnu/:/usr/local/lib/gcc/aarch64-unknown-linux-gnu/8.1.0/../../../:/lib/:/usr/lib/
COLLECT_GCC_OPTIONS='-v' '-rdynamic' '-o' 'cmTC_78454' '-shared-libgcc' '-mlittle-endian' '-mabi=lp64'
 /usr/local/libexec/gcc/aarch64-unknown-linux-gnu/8.1.0/collect2 -plugin /usr/local/libexec/gcc/aarch64-unknown-linux-gnu/8.1.0/liblto_plugin.so -plugin-opt=/usr/local/libexec/gcc/aarch64-unknown-linux-gnu/8.1.0/lto-wrapper -plugin-opt=-fresolution=/tmp/cctanrXC.res -plugin-opt=-pass-through=-lgcc_s -plugin-opt=-pass-through=-lgcc -plugin-opt=-pass-through=-lc -plugin-opt=-pass-through=-lgcc_s -plugin-opt=-pass-through=-lgcc --eh-frame-hdr -export-dynamic -dynamic-linker /lib/ld-linux-aarch64.so.1 -X -EL -maarch64linux -o cmTC_78454 /usr/lib/aarch64-linux-gnu/crt1.o /usr/lib/aarch64-linux-gnu/crti.o /usr/local/lib/gcc/aarch64-unknown-linux-gnu/8.1.0/crtbegin.o -L/usr/local/lib/gcc/aarch64-unknown-linux-gnu/8.1.0 -L/usr/local/lib/gcc/aarch64-unknown-linux-gnu/8.1.0/../../../../lib64 -L/lib/aarch64-linux-gnu -L/usr/lib/aarch64-linux-gnu -L/usr/local/lib/gcc/aarch64-unknown-linux-gnu/8.1.0/../../.. CMakeFiles/cmTC_78454.dir/CMakeCXXCompilerABI.cpp.o -lstdc++ -lm -lgcc_s -lgcc -lc -lgcc_s -lgcc /usr/local/lib/gcc/aarch64-unknown-linux-gnu/8.1.0/crtend.o /usr/lib/aarch64-linux-gnu/crtn.o
COLLECT_GCC_OPTIONS='-v' '-rdynamic' '-o' 'cmTC_78454' '-shared-libgcc' '-mlittle-endian' '-mabi=lp64'
make[1]: Leaving directory '/home/nvidia/CLionProjects/LeaderFollowing_leader/build/CMakeFiles/CMakeTmp'


Parsed CXX implicit link information from above output:
  link line regex: [^( *|.*[/\])(ld|CMAKE_LINK_STARTFILE-NOTFOUND|([^/\]+-)?ld|collect2)[^/\]*( |$)]
  ignore line: [Change Dir: /home/nvidia/CLionProjects/LeaderFollowing_leader/build/CMakeFiles/CMakeTmp]
  ignore line: []
  ignore line: [Run Build Command:"/usr/bin/make" "cmTC_78454/fast"]
  ignore line: [/usr/bin/make -f CMakeFiles/cmTC_78454.dir/build.make CMakeFiles/cmTC_78454.dir/build]
  ignore line: [make[1]: Entering directory '/home/nvidia/CLionProjects/LeaderFollowing_leader/build/CMakeFiles/CMakeTmp']
  ignore line: [Building CXX object CMakeFiles/cmTC_78454.dir/CMakeCXXCompilerABI.cpp.o]
  ignore line: [/usr/local/bin/g++     -o CMakeFiles/cmTC_78454.dir/CMakeCXXCompilerABI.cpp.o -c /usr/local/share/cmake-3.12/Modules/CMakeCXXCompilerABI.cpp]
  ignore line: [Linking CXX executable cmTC_78454]
  ignore line: [/usr/local/bin/cmake -E cmake_link_script CMakeFiles/cmTC_78454.dir/link.txt --verbose=1]
  ignore line: [/usr/local/bin/g++      -v -rdynamic CMakeFiles/cmTC_78454.dir/CMakeCXXCompilerABI.cpp.o  -o cmTC_78454 ]
  ignore line: [Using built-in specs.]
  ignore line: [COLLECT_GCC=/usr/local/bin/g++]
  ignore line: [COLLECT_LTO_WRAPPER=/usr/local/libexec/gcc/aarch64-unknown-linux-gnu/8.1.0/lto-wrapper]
  ignore line: [Target: aarch64-unknown-linux-gnu]
  ignore line: [Configured with: ../gcc-8.1.0/configure --enable-checking=release --enable-languages=c,c++ --disable-multilib]
  ignore line: [Thread model: posix]
  ignore line: [gcc version 8.1.0 (GCC) ]
  ignore line: [COMPILER_PATH=/usr/local/libexec/gcc/aarch64-unknown-linux-gnu/8.1.0/:/usr/local/libexec/gcc/aarch64-unknown-linux-gnu/8.1.0/:/usr/local/libexec/gcc/aarch64-unknown-linux-gnu/:/usr/local/lib/gcc/aarch64-unknown-linux-gnu/8.1.0/:/usr/local/lib/gcc/aarch64-unknown-linux-gnu/]
  ignore line: [LIBRARY_PATH=/usr/local/lib/gcc/aarch64-unknown-linux-gnu/8.1.0/:/usr/local/lib/gcc/aarch64-unknown-linux-gnu/8.1.0/../../../../lib64/:/lib/aarch64-linux-gnu/:/usr/lib/aarch64-linux-gnu/:/usr/local/lib/gcc/aarch64-unknown-linux-gnu/8.1.0/../../../:/lib/:/usr/lib/]
  ignore line: [COLLECT_GCC_OPTIONS='-v' '-rdynamic' '-o' 'cmTC_78454' '-shared-libgcc' '-mlittle-endian' '-mabi=lp64']
  link line: [ /usr/local/libexec/gcc/aarch64-unknown-linux-gnu/8.1.0/collect2 -plugin /usr/local/libexec/gcc/aarch64-unknown-linux-gnu/8.1.0/liblto_plugin.so -plugin-opt=/usr/local/libexec/gcc/aarch64-unknown-linux-gnu/8.1.0/lto-wrapper -plugin-opt=-fresolution=/tmp/cctanrXC.res -plugin-opt=-pass-through=-lgcc_s -plugin-opt=-pass-through=-lgcc -plugin-opt=-pass-through=-lc -plugin-opt=-pass-through=-lgcc_s -plugin-opt=-pass-through=-lgcc --eh-frame-hdr -export-dynamic -dynamic-linker /lib/ld-linux-aarch64.so.1 -X -EL -maarch64linux -o cmTC_78454 /usr/lib/aarch64-linux-gnu/crt1.o /usr/lib/aarch64-linux-gnu/crti.o /usr/local/lib/gcc/aarch64-unknown-linux-gnu/8.1.0/crtbegin.o -L/usr/local/lib/gcc/aarch64-unknown-linux-gnu/8.1.0 -L/usr/local/lib/gcc/aarch64-unknown-linux-gnu/8.1.0/../../../../lib64 -L/lib/aarch64-linux-gnu -L/usr/lib/aarch64-linux-gnu -L/usr/local/lib/gcc/aarch64-unknown-linux-gnu/8.1.0/../../.. CMakeFiles/cmTC_78454.dir/CMakeCXXCompilerABI.cpp.o -lstdc++ -lm -lgcc_s -lgcc -lc -lgcc_s -lgcc /usr/local/lib/gcc/aarch64-unknown-linux-gnu/8.1.0/crtend.o /usr/lib/aarch64-linux-gnu/crtn.o]
    arg [/usr/local/libexec/gcc/aarch64-unknown-linux-gnu/8.1.0/collect2] ==> ignore
    arg [-plugin] ==> ignore
    arg [/usr/local/libexec/gcc/aarch64-unknown-linux-gnu/8.1.0/liblto_plugin.so] ==> ignore
    arg [-plugin-opt=/usr/local/libexec/gcc/aarch64-unknown-linux-gnu/8.1.0/lto-wrapper] ==> ignore
    arg [-plugin-opt=-fresolution=/tmp/cctanrXC.res] ==> ignore
    arg [-plugin-opt=-pass-through=-lgcc_s] ==> ignore
    arg [-plugin-opt=-pass-through=-lgcc] ==> ignore
    arg [-plugin-opt=-pass-through=-lc] ==> ignore
    arg [-plugin-opt=-pass-through=-lgcc_s] ==> ignore
    arg [-plugin-opt=-pass-through=-lgcc] ==> ignore
    arg [--eh-frame-hdr] ==> ignore
    arg [-export-dynamic] ==> ignore
    arg [-dynamic-linker] ==> ignore
    arg [/lib/ld-linux-aarch64.so.1] ==> ignore
    arg [-X] ==> ignore
    arg [-EL] ==> ignore
    arg [-maarch64linux] ==> ignore
    arg [-o] ==> ignore
    arg [cmTC_78454] ==> ignore
    arg [/usr/lib/aarch64-linux-gnu/crt1.o] ==> ignore
    arg [/usr/lib/aarch64-linux-gnu/crti.o] ==> ignore
    arg [/usr/local/lib/gcc/aarch64-unknown-linux-gnu/8.1.0/crtbegin.o] ==> ignore
    arg [-L/usr/local/lib/gcc/aarch64-unknown-linux-gnu/8.1.0] ==> dir [/usr/local/lib/gcc/aarch64-unknown-linux-gnu/8.1.0]
    arg [-L/usr/local/lib/gcc/aarch64-unknown-linux-gnu/8.1.0/../../../../lib64] ==> dir [/usr/local/lib/gcc/aarch64-unknown-linux-gnu/8.1.0/../../../../lib64]
    arg [-L/lib/aarch64-linux-gnu] ==> dir [/lib/aarch64-linux-gnu]
    arg [-L/usr/lib/aarch64-linux-gnu] ==> dir [/usr/lib/aarch64-linux-gnu]
    arg [-L/usr/local/lib/gcc/aarch64-unknown-linux-gnu/8.1.0/../../..] ==> dir [/usr/local/lib/gcc/aarch64-unknown-linux-gnu/8.1.0/../../..]
    arg [CMakeFiles/cmTC_78454.dir/CMakeCXXCompilerABI.cpp.o] ==> ignore
    arg [-lstdc++] ==> lib [stdc++]
    arg [-lm] ==> lib [m]
    arg [-lgcc_s] ==> lib [gcc_s]
    arg [-lgcc] ==> lib [gcc]
    arg [-lc] ==> lib [c]
    arg [-lgcc_s] ==> lib [gcc_s]
    arg [-lgcc] ==> lib [gcc]
    arg [/usr/local/lib/gcc/aarch64-unknown-linux-gnu/8.1.0/crtend.o] ==> ignore
    arg [/usr/lib/aarch64-linux-gnu/crtn.o] ==> ignore
  collapse library dir [/usr/local/lib/gcc/aarch64-unknown-linux-gnu/8.1.0] ==> [/usr/local/lib/gcc/aarch64-unknown-linux-gnu/8.1.0]
  collapse library dir [/usr/local/lib/gcc/aarch64-unknown-linux-gnu/8.1.0/../../../../lib64] ==> [/usr/local/lib64]
  collapse library dir [/lib/aarch64-linux-gnu] ==> [/lib/aarch64-linux-gnu]
  collapse library dir [/usr/lib/aarch64-linux-gnu] ==> [/usr/lib/aarch64-linux-gnu]
  collapse library dir [/usr/local/lib/gcc/aarch64-unknown-linux-gnu/8.1.0/../../..] ==> [/usr/local/lib]
  implicit libs: [stdc++;m;gcc_s;gcc;c;gcc_s;gcc]
  implicit dirs: [/usr/local/lib/gcc/aarch64-unknown-linux-gnu/8.1.0;/usr/local/lib64;/lib/aarch64-linux-gnu;/usr/lib/aarch64-linux-gnu;/usr/local/lib]
  implicit fwks: []




Detecting CXX [-std=c++2a] compiler features compiled with the following output:
Change Dir: /home/nvidia/CLionProjects/LeaderFollowing_leader/build/CMakeFiles/CMakeTmp

Run Build Command:"/usr/bin/make" "cmTC_eef30/fast"
/usr/bin/make -f CMakeFiles/cmTC_eef30.dir/build.make CMakeFiles/cmTC_eef30.dir/build
make[1]: Entering directory '/home/nvidia/CLionProjects/LeaderFollowing_leader/build/CMakeFiles/CMakeTmp'
Building CXX object CMakeFiles/cmTC_eef30.dir/feature_tests.cxx.o
/usr/local/bin/g++    -std=c++2a -o CMakeFiles/cmTC_eef30.dir/feature_tests.cxx.o -c /home/nvidia/CLionProjects/LeaderFollowing_leader/build/CMakeFiles/feature_tests.cxx
Linking CXX executable cmTC_eef30
/usr/local/bin/cmake -E cmake_link_script CMakeFiles/cmTC_eef30.dir/link.txt --verbose=1
/usr/local/bin/g++       -rdynamic CMakeFiles/cmTC_eef30.dir/feature_tests.cxx.o  -o cmTC_eef30 
make[1]: Leaving directory '/home/nvidia/CLionProjects/LeaderFollowing_leader/build/CMakeFiles/CMakeTmp'


    Feature record: CXX_FEATURE:1cxx_aggregate_default_initializers
    Feature record: CXX_FEATURE:1cxx_alias_templates
    Feature record: CXX_FEATURE:1cxx_alignas
    Feature record: CXX_FEATURE:1cxx_alignof
    Feature record: CXX_FEATURE:1cxx_attributes
    Feature record: CXX_FEATURE:1cxx_attribute_deprecated
    Feature record: CXX_FEATURE:1cxx_auto_type
    Feature record: CXX_FEATURE:1cxx_binary_literals
    Feature record: CXX_FEATURE:1cxx_constexpr
    Feature record: CXX_FEATURE:1cxx_contextual_conversions
    Feature record: CXX_FEATURE:1cxx_decltype
    Feature record: CXX_FEATURE:1cxx_decltype_auto
    Feature record: CXX_FEATURE:1cxx_decltype_incomplete_return_types
    Feature record: CXX_FEATURE:1cxx_default_function_template_args
    Feature record: CXX_FEATURE:1cxx_defaulted_functions
    Feature record: CXX_FEATURE:1cxx_defaulted_move_initializers
    Feature record: CXX_FEATURE:1cxx_delegating_constructors
    Feature record: CXX_FEATURE:1cxx_deleted_functions
    Feature record: CXX_FEATURE:1cxx_digit_separators
    Feature record: CXX_FEATURE:1cxx_enum_forward_declarations
    Feature record: CXX_FEATURE:1cxx_explicit_conversions
    Feature record: CXX_FEATURE:1cxx_extended_friend_declarations
    Feature record: CXX_FEATURE:1cxx_extern_templates
    Feature record: CXX_FEATURE:1cxx_final
    Feature record: CXX_FEATURE:1cxx_func_identifier
    Feature record: CXX_FEATURE:1cxx_generalized_initializers
    Feature record: CXX_FEATURE:1cxx_generic_lambdas
    Feature record: CXX_FEATURE:1cxx_inheriting_constructors
    Feature record: CXX_FEATURE:1cxx_inline_namespaces
    Feature record: CXX_FEATURE:1cxx_lambdas
    Feature record: CXX_FEATURE:1cxx_lambda_init_captures
    Feature record: CXX_FEATURE:1cxx_local_type_template_args
    Feature record: CXX_FEATURE:1cxx_long_long_type
    Feature record: CXX_FEATURE:1cxx_noexcept
    Feature record: CXX_FEATURE:1cxx_nonstatic_member_init
    Feature record: CXX_FEATURE:1cxx_nullptr
    Feature record: CXX_FEATURE:1cxx_override
    Feature record: CXX_FEATURE:1cxx_range_for
    Feature record: CXX_FEATURE:1cxx_raw_string_literals
    Feature record: CXX_FEATURE:1cxx_reference_qualified_functions
    Feature record: CXX_FEATURE:1cxx_relaxed_constexpr
    Feature record: CXX_FEATURE:1cxx_return_type_deduction
    Feature record: CXX_FEATURE:1cxx_right_angle_brackets
    Feature record: CXX_FEATURE:1cxx_rvalue_references
    Feature record: CXX_FEATURE:1cxx_sizeof_member
    Feature record: CXX_FEATURE:1cxx_static_assert
    Feature record: CXX_FEATURE:1cxx_strong_enums
    Feature record: CXX_FEATURE:1cxx_template_template_parameters
    Feature record: CXX_FEATURE:1cxx_thread_local
    Feature record: CXX_FEATURE:1cxx_trailing_return_types
    Feature record: CXX_FEATURE:1cxx_unicode_literals
    Feature record: CXX_FEATURE:1cxx_uniform_initialization
    Feature record: CXX_FEATURE:1cxx_unrestricted_unions
    Feature record: CXX_FEATURE:1cxx_user_literals
    Feature record: CXX_FEATURE:1cxx_variable_templates
    Feature record: CXX_FEATURE:1cxx_variadic_macros
    Feature record: CXX_FEATURE:1cxx_variadic_templates


Detecting CXX [-std=c++17] compiler features compiled with the following output:
Change Dir: /home/nvidia/CLionProjects/LeaderFollowing_leader/build/CMakeFiles/CMakeTmp

Run Build Command:"/usr/bin/make" "cmTC_1818a/fast"
/usr/bin/make -f CMakeFiles/cmTC_1818a.dir/build.make CMakeFiles/cmTC_1818a.dir/build
make[1]: Entering directory '/home/nvidia/CLionProjects/LeaderFollowing_leader/build/CMakeFiles/CMakeTmp'
Building CXX object CMakeFiles/cmTC_1818a.dir/feature_tests.cxx.o
/usr/local/bin/g++    -std=c++17 -o CMakeFiles/cmTC_1818a.dir/feature_tests.cxx.o -c /home/nvidia/CLionProjects/LeaderFollowing_leader/build/CMakeFiles/feature_tests.cxx
Linking CXX executable cmTC_1818a
/usr/local/bin/cmake -E cmake_link_script CMakeFiles/cmTC_1818a.dir/link.txt --verbose=1
/usr/local/bin/g++       -rdynamic CMakeFiles/cmTC_1818a.dir/feature_tests.cxx.o  -o cmTC_1818a 
make[1]: Leaving directory '/home/nvidia/CLionProjects/LeaderFollowing_leader/build/CMakeFiles/CMakeTmp'


    Feature record: CXX_FEATURE:1cxx_aggregate_default_initializers
    Feature record: CXX_FEATURE:1cxx_alias_templates
    Feature record: CXX_FEATURE:1cxx_alignas
    Feature record: CXX_FEATURE:1cxx_alignof
    Feature record: CXX_FEATURE:1cxx_attributes
    Feature record: CXX_FEATURE:1cxx_attribute_deprecated
    Feature record: CXX_FEATURE:1cxx_auto_type
    Feature record: CXX_FEATURE:1cxx_binary_literals
    Feature record: CXX_FEATURE:1cxx_constexpr
    Feature record: CXX_FEATURE:1cxx_contextual_conversions
    Feature record: CXX_FEATURE:1cxx_decltype
    Feature record: CXX_FEATURE:1cxx_decltype_auto
    Feature record: CXX_FEATURE:1cxx_decltype_incomplete_return_types
    Feature record: CXX_FEATURE:1cxx_default_function_template_args
    Feature record: CXX_FEATURE:1cxx_defaulted_functions
    Feature record: CXX_FEATURE:1cxx_defaulted_move_initializers
    Feature record: CXX_FEATURE:1cxx_delegating_constructors
    Feature record: CXX_FEATURE:1cxx_deleted_functions
    Feature record: CXX_FEATURE:1cxx_digit_separators
    Feature record: CXX_FEATURE:1cxx_enum_forward_declarations
    Feature record: CXX_FEATURE:1cxx_explicit_conversions
    Feature record: CXX_FEATURE:1cxx_extended_friend_declarations
    Feature record: CXX_FEATURE:1cxx_extern_templates
    Feature record: CXX_FEATURE:1cxx_final
    Feature record: CXX_FEATURE:1cxx_func_identifier
    Feature record: CXX_FEATURE:1cxx_generalized_initializers
    Feature record: CXX_FEATURE:1cxx_generic_lambdas
    Feature record: CXX_FEATURE:1cxx_inheriting_constructors
    Feature record: CXX_FEATURE:1cxx_inline_namespaces
    Feature record: CXX_FEATURE:1cxx_lambdas
    Feature record: CXX_FEATURE:1cxx_lambda_init_captures
    Feature record: CXX_FEATURE:1cxx_local_type_template_args
    Feature record: CXX_FEATURE:1cxx_long_long_type
    Feature record: CXX_FEATURE:1cxx_noexcept
    Feature record: CXX_FEATURE:1cxx_nonstatic_member_init
    Feature record: CXX_FEATURE:1cxx_nullptr
    Feature record: CXX_FEATURE:1cxx_override
    Feature record: CXX_FEATURE:1cxx_range_for
    Feature record: CXX_FEATURE:1cxx_raw_string_literals
    Feature record: CXX_FEATURE:1cxx_reference_qualified_functions
    Feature record: CXX_FEATURE:1cxx_relaxed_constexpr
    Feature record: CXX_FEATURE:1cxx_return_type_deduction
    Feature record: CXX_FEATURE:1cxx_right_angle_brackets
    Feature record: CXX_FEATURE:1cxx_rvalue_references
    Feature record: CXX_FEATURE:1cxx_sizeof_member
    Feature record: CXX_FEATURE:1cxx_static_assert
    Feature record: CXX_FEATURE:1cxx_strong_enums
    Feature record: CXX_FEATURE:1cxx_template_template_parameters
    Feature record: CXX_FEATURE:1cxx_thread_local
    Feature record: CXX_FEATURE:1cxx_trailing_return_types
    Feature record: CXX_FEATURE:1cxx_unicode_literals
    Feature record: CXX_FEATURE:1cxx_uniform_initialization
    Feature record: CXX_FEATURE:1cxx_unrestricted_unions
    Feature record: CXX_FEATURE:1cxx_user_literals
    Feature record: CXX_FEATURE:1cxx_variable_templates
    Feature record: CXX_FEATURE:1cxx_variadic_macros
    Feature record: CXX_FEATURE:1cxx_variadic_templates


Detecting CXX [-std=c++14] compiler features compiled with the following output:
Change Dir: /home/nvidia/CLionProjects/LeaderFollowing_leader/build/CMakeFiles/CMakeTmp

Run Build Command:"/usr/bin/make" "cmTC_6496c/fast"
/usr/bin/make -f CMakeFiles/cmTC_6496c.dir/build.make CMakeFiles/cmTC_6496c.dir/build
make[1]: Entering directory '/home/nvidia/CLionProjects/LeaderFollowing_leader/build/CMakeFiles/CMakeTmp'
Building CXX object CMakeFiles/cmTC_6496c.dir/feature_tests.cxx.o
/usr/local/bin/g++    -std=c++14 -o CMakeFiles/cmTC_6496c.dir/feature_tests.cxx.o -c /home/nvidia/CLionProjects/LeaderFollowing_leader/build/CMakeFiles/feature_tests.cxx
Linking CXX executable cmTC_6496c
/usr/local/bin/cmake -E cmake_link_script CMakeFiles/cmTC_6496c.dir/link.txt --verbose=1
/usr/local/bin/g++       -rdynamic CMakeFiles/cmTC_6496c.dir/feature_tests.cxx.o  -o cmTC_6496c 
make[1]: Leaving directory '/home/nvidia/CLionProjects/LeaderFollowing_leader/build/CMakeFiles/CMakeTmp'


    Feature record: CXX_FEATURE:1cxx_aggregate_default_initializers
    Feature record: CXX_FEATURE:1cxx_alias_templates
    Feature record: CXX_FEATURE:1cxx_alignas
    Feature record: CXX_FEATURE:1cxx_alignof
    Feature record: CXX_FEATURE:1cxx_attributes
    Feature record: CXX_FEATURE:1cxx_attribute_deprecated
    Feature record: CXX_FEATURE:1cxx_auto_type
    Feature record: CXX_FEATURE:1cxx_binary_literals
    Feature record: CXX_FEATURE:1cxx_constexpr
    Feature record: CXX_FEATURE:1cxx_contextual_conversions
    Feature record: CXX_FEATURE:1cxx_decltype
    Feature record: CXX_FEATURE:1cxx_decltype_auto
    Feature record: CXX_FEATURE:1cxx_decltype_incomplete_return_types
    Feature record: CXX_FEATURE:1cxx_default_function_template_args
    Feature record: CXX_FEATURE:1cxx_defaulted_functions
    Feature record: CXX_FEATURE:1cxx_defaulted_move_initializers
    Feature record: CXX_FEATURE:1cxx_delegating_constructors
    Feature record: CXX_FEATURE:1cxx_deleted_functions
    Feature record: CXX_FEATURE:1cxx_digit_separators
    Feature record: CXX_FEATURE:1cxx_enum_forward_declarations
    Feature record: CXX_FEATURE:1cxx_explicit_conversions
    Feature record: CXX_FEATURE:1cxx_extended_friend_declarations
    Feature record: CXX_FEATURE:1cxx_extern_templates
    Feature record: CXX_FEATURE:1cxx_final
    Feature record: CXX_FEATURE:1cxx_func_identifier
    Feature record: CXX_FEATURE:1cxx_generalized_initializers
    Feature record: CXX_FEATURE:1cxx_generic_lambdas
    Feature record: CXX_FEATURE:1cxx_inheriting_constructors
    Feature record: CXX_FEATURE:1cxx_inline_namespaces
    Feature record: CXX_FEATURE:1cxx_lambdas
    Feature record: CXX_FEATURE:1cxx_lambda_init_captures
    Feature record: CXX_FEATURE:1cxx_local_type_template_args
    Feature record: CXX_FEATURE:1cxx_long_long_type
    Feature record: CXX_FEATURE:1cxx_noexcept
    Feature record: CXX_FEATURE:1cxx_nonstatic_member_init
    Feature record: CXX_FEATURE:1cxx_nullptr
    Feature record: CXX_FEATURE:1cxx_override
    Feature record: CXX_FEATURE:1cxx_range_for
    Feature record: CXX_FEATURE:1cxx_raw_string_literals
    Feature record: CXX_FEATURE:1cxx_reference_qualified_functions
    Feature record: CXX_FEATURE:1cxx_relaxed_constexpr
    Feature record: CXX_FEATURE:1cxx_return_type_deduction
    Feature record: CXX_FEATURE:1cxx_right_angle_brackets
    Feature record: CXX_FEATURE:1cxx_rvalue_references
    Feature record: CXX_FEATURE:1cxx_sizeof_member
    Feature record: CXX_FEATURE:1cxx_static_assert
    Feature record: CXX_FEATURE:1cxx_strong_enums
    Feature record: CXX_FEATURE:1cxx_template_template_parameters
    Feature record: CXX_FEATURE:1cxx_thread_local
    Feature record: CXX_FEATURE:1cxx_trailing_return_types
    Feature record: CXX_FEATURE:1cxx_unicode_literals
    Feature record: CXX_FEATURE:1cxx_uniform_initialization
    Feature record: CXX_FEATURE:1cxx_unrestricted_unions
    Feature record: CXX_FEATURE:1cxx_user_literals
    Feature record: CXX_FEATURE:1cxx_variable_templates
    Feature record: CXX_FEATURE:1cxx_variadic_macros
    Feature record: CXX_FEATURE:1cxx_variadic_templates


Detecting CXX [-std=c++11] compiler features compiled with the following output:
Change Dir: /home/nvidia/CLionProjects/LeaderFollowing_leader/build/CMakeFiles/CMakeTmp

Run Build Command:"/usr/bin/make" "cmTC_62434/fast"
/usr/bin/make -f CMakeFiles/cmTC_62434.dir/build.make CMakeFiles/cmTC_62434.dir/build
make[1]: Entering directory '/home/nvidia/CLionProjects/LeaderFollowing_leader/build/CMakeFiles/CMakeTmp'
Building CXX object CMakeFiles/cmTC_62434.dir/feature_tests.cxx.o
/usr/local/bin/g++    -std=c++11 -o CMakeFiles/cmTC_62434.dir/feature_tests.cxx.o -c /home/nvidia/CLionProjects/LeaderFollowing_leader/build/CMakeFiles/feature_tests.cxx
Linking CXX executable cmTC_62434
/usr/local/bin/cmake -E cmake_link_script CMakeFiles/cmTC_62434.dir/link.txt --verbose=1
/usr/local/bin/g++       -rdynamic CMakeFiles/cmTC_62434.dir/feature_tests.cxx.o  -o cmTC_62434 
make[1]: Leaving directory '/home/nvidia/CLionProjects/LeaderFollowing_leader/build/CMakeFiles/CMakeTmp'


    Feature record: CXX_FEATURE:0cxx_aggregate_default_initializers
    Feature record: CXX_FEATURE:1cxx_alias_templates
    Feature record: CXX_FEATURE:1cxx_alignas
    Feature record: CXX_FEATURE:1cxx_alignof
    Feature record: CXX_FEATURE:1cxx_attributes
    Feature record: CXX_FEATURE:0cxx_attribute_deprecated
    Feature record: CXX_FEATURE:1cxx_auto_type
    Feature record: CXX_FEATURE:0cxx_binary_literals
    Feature record: CXX_FEATURE:1cxx_constexpr
    Feature record: CXX_FEATURE:0cxx_contextual_conversions
    Feature record: CXX_FEATURE:1cxx_decltype
    Feature record: CXX_FEATURE:0cxx_decltype_auto
    Feature record: CXX_FEATURE:1cxx_decltype_incomplete_return_types
    Feature record: CXX_FEATURE:1cxx_default_function_template_args
    Feature record: CXX_FEATURE:1cxx_defaulted_functions
    Feature record: CXX_FEATURE:1cxx_defaulted_move_initializers
    Feature record: CXX_FEATURE:1cxx_delegating_constructors
    Feature record: CXX_FEATURE:1cxx_deleted_functions
    Feature record: CXX_FEATURE:0cxx_digit_separators
    Feature record: CXX_FEATURE:1cxx_enum_forward_declarations
    Feature record: CXX_FEATURE:1cxx_explicit_conversions
    Feature record: CXX_FEATURE:1cxx_extended_friend_declarations
    Feature record: CXX_FEATURE:1cxx_extern_templates
    Feature record: CXX_FEATURE:1cxx_final
    Feature record: CXX_FEATURE:1cxx_func_identifier
    Feature record: CXX_FEATURE:1cxx_generalized_initializers
    Feature record: CXX_FEATURE:0cxx_generic_lambdas
    Feature record: CXX_FEATURE:1cxx_inheriting_constructors
    Feature record: CXX_FEATURE:1cxx_inline_namespaces
    Feature record: CXX_FEATURE:1cxx_lambdas
    Feature record: CXX_FEATURE:0cxx_lambda_init_captures
    Feature record: CXX_FEATURE:1cxx_local_type_template_args
    Feature record: CXX_FEATURE:1cxx_long_long_type
    Feature record: CXX_FEATURE:1cxx_noexcept
    Feature record: CXX_FEATURE:1cxx_nonstatic_member_init
    Feature record: CXX_FEATURE:1cxx_nullptr
    Feature record: CXX_FEATURE:1cxx_override
    Feature record: CXX_FEATURE:1cxx_range_for
    Feature record: CXX_FEATURE:1cxx_raw_string_literals
    Feature record: CXX_FEATURE:1cxx_reference_qualified_functions
    Feature record: CXX_FEATURE:0cxx_relaxed_constexpr
    Feature record: CXX_FEATURE:0cxx_return_type_deduction
    Feature record: CXX_FEATURE:1cxx_right_angle_brackets
    Feature record: CXX_FEATURE:1cxx_rvalue_references
    Feature record: CXX_FEATURE:1cxx_sizeof_member
    Feature record: CXX_FEATURE:1cxx_static_assert
    Feature record: CXX_FEATURE:1cxx_strong_enums
    Feature record: CXX_FEATURE:1cxx_template_template_parameters
    Feature record: CXX_FEATURE:1cxx_thread_local
    Feature record: CXX_FEATURE:1cxx_trailing_return_types
    Feature record: CXX_FEATURE:1cxx_unicode_literals
    Feature record: CXX_FEATURE:1cxx_uniform_initialization
    Feature record: CXX_FEATURE:1cxx_unrestricted_unions
    Feature record: CXX_FEATURE:1cxx_user_literals
    Feature record: CXX_FEATURE:0cxx_variable_templates
    Feature record: CXX_FEATURE:1cxx_variadic_macros
    Feature record: CXX_FEATURE:1cxx_variadic_templates


Detecting CXX [-std=c++98] compiler features compiled with the following output:
Change Dir: /home/nvidia/CLionProjects/LeaderFollowing_leader/build/CMakeFiles/CMakeTmp

Run Build Command:"/usr/bin/make" "cmTC_cc9f6/fast"
/usr/bin/make -f CMakeFiles/cmTC_cc9f6.dir/build.make CMakeFiles/cmTC_cc9f6.dir/build
make[1]: Entering directory '/home/nvidia/CLionProjects/LeaderFollowing_leader/build/CMakeFiles/CMakeTmp'
Building CXX object CMakeFiles/cmTC_cc9f6.dir/feature_tests.cxx.o
/usr/local/bin/g++    -std=c++98 -o CMakeFiles/cmTC_cc9f6.dir/feature_tests.cxx.o -c /home/nvidia/CLionProjects/LeaderFollowing_leader/build/CMakeFiles/feature_tests.cxx
Linking CXX executable cmTC_cc9f6
/usr/local/bin/cmake -E cmake_link_script CMakeFiles/cmTC_cc9f6.dir/link.txt --verbose=1
/usr/local/bin/g++       -rdynamic CMakeFiles/cmTC_cc9f6.dir/feature_tests.cxx.o  -o cmTC_cc9f6 
make[1]: Leaving directory '/home/nvidia/CLionProjects/LeaderFollowing_leader/build/CMakeFiles/CMakeTmp'


    Feature record: CXX_FEATURE:0cxx_aggregate_default_initializers
    Feature record: CXX_FEATURE:0cxx_alias_templates
    Feature record: CXX_FEATURE:0cxx_alignas
    Feature record: CXX_FEATURE:0cxx_alignof
    Feature record: CXX_FEATURE:0cxx_attributes
    Feature record: CXX_FEATURE:0cxx_attribute_deprecated
    Feature record: CXX_FEATURE:0cxx_auto_type
    Feature record: CXX_FEATURE:0cxx_binary_literals
    Feature record: CXX_FEATURE:0cxx_constexpr
    Feature record: CXX_FEATURE:0cxx_contextual_conversions
    Feature record: CXX_FEATURE:0cxx_decltype
    Feature record: CXX_FEATURE:0cxx_decltype_auto
    Feature record: CXX_FEATURE:0cxx_decltype_incomplete_return_types
    Feature record: CXX_FEATURE:0cxx_default_function_template_args
    Feature record: CXX_FEATURE:0cxx_defaulted_functions
    Feature record: CXX_FEATURE:0cxx_defaulted_move_initializers
    Feature record: CXX_FEATURE:0cxx_delegating_constructors
    Feature record: CXX_FEATURE:0cxx_deleted_functions
    Feature record: CXX_FEATURE:0cxx_digit_separators
    Feature record: CXX_FEATURE:0cxx_enum_forward_declarations
    Feature record: CXX_FEATURE:0cxx_explicit_conversions
    Feature record: CXX_FEATURE:0cxx_extended_friend_declarations
    Feature record: CXX_FEATURE:0cxx_extern_templates
    Feature record: CXX_FEATURE:0cxx_final
    Feature record: CXX_FEATURE:0cxx_func_identifier
    Feature record: CXX_FEATURE:0cxx_generalized_initializers
    Feature record: CXX_FEATURE:0cxx_generic_lambdas
    Feature record: CXX_FEATURE:0cxx_inheriting_constructors
    Feature record: CXX_FEATURE:0cxx_inline_namespaces
    Feature record: CXX_FEATURE:0cxx_lambdas
    Feature record: CXX_FEATURE:0cxx_lambda_init_captures
    Feature record: CXX_FEATURE:0cxx_local_type_template_args
    Feature record: CXX_FEATURE:0cxx_long_long_type
    Feature record: CXX_FEATURE:0cxx_noexcept
    Feature record: CXX_FEATURE:0cxx_nonstatic_member_init
    Feature record: CXX_FEATURE:0cxx_nullptr
    Feature record: CXX_FEATURE:0cxx_override
    Feature record: CXX_FEATURE:0cxx_range_for
    Feature record: CXX_FEATURE:0cxx_raw_string_literals
    Feature record: CXX_FEATURE:0cxx_reference_qualified_functions
    Feature record: CXX_FEATURE:0cxx_relaxed_constexpr
    Feature record: CXX_FEATURE:0cxx_return_type_deduction
    Feature record: CXX_FEATURE:0cxx_right_angle_brackets
    Feature record: CXX_FEATURE:0cxx_rvalue_references
    Feature record: CXX_FEATURE:0cxx_sizeof_member
    Feature record: CXX_FEATURE:0cxx_static_assert
    Feature record: CXX_FEATURE:0cxx_strong_enums
    Feature record: CXX_FEATURE:1cxx_template_template_parameters
    Feature record: CXX_FEATURE:0cxx_thread_local
    Feature record: CXX_FEATURE:0cxx_trailing_return_types
    Feature record: CXX_FEATURE:0cxx_unicode_literals
    Feature record: CXX_FEATURE:0cxx_uniform_initialization
    Feature record: CXX_FEATURE:0cxx_unrestricted_unions
    Feature record: CXX_FEATURE:0cxx_user_literals
    Feature record: CXX_FEATURE:0cxx_variable_templates
    Feature record: CXX_FEATURE:0cxx_variadic_macros
    Feature record: CXX_FEATURE:0cxx_variadic_templates
Determining if the include file pthread.h exists passed with the following output:
Change Dir: /home/nvidia/CLionProjects/LeaderFollowing_leader/build/CMakeFiles/CMakeTmp

Run Build Command:"/usr/bin/make" "cmTC_b7b26/fast"
/usr/bin/make -f CMakeFiles/cmTC_b7b26.dir/build.make CMakeFiles/cmTC_b7b26.dir/build
make[1]: Entering directory '/home/nvidia/CLionProjects/LeaderFollowing_leader/build/CMakeFiles/CMakeTmp'
Building C object CMakeFiles/cmTC_b7b26.dir/CheckIncludeFile.c.o
/usr/local/bin/gcc    -o CMakeFiles/cmTC_b7b26.dir/CheckIncludeFile.c.o   -c /home/nvidia/CLionProjects/LeaderFollowing_leader/build/CMakeFiles/CMakeTmp/CheckIncludeFile.c
Linking C executable cmTC_b7b26
/usr/local/bin/cmake -E cmake_link_script CMakeFiles/cmTC_b7b26.dir/link.txt --verbose=1
/usr/local/bin/gcc      -rdynamic CMakeFiles/cmTC_b7b26.dir/CheckIncludeFile.c.o  -o cmTC_b7b26 
make[1]: Leaving directory '/home/nvidia/CLionProjects/LeaderFollowing_leader/build/CMakeFiles/CMakeTmp'


Determining if the function pthread_create exists in the pthread passed with the following output:
Change Dir: /home/nvidia/CLionProjects/LeaderFollowing_leader/build/CMakeFiles/CMakeTmp

Run Build Command:"/usr/bin/make" "cmTC_7ae5b/fast"
/usr/bin/make -f CMakeFiles/cmTC_7ae5b.dir/build.make CMakeFiles/cmTC_7ae5b.dir/build
make[1]: Entering directory '/home/nvidia/CLionProjects/LeaderFollowing_leader/build/CMakeFiles/CMakeTmp'
Building C object CMakeFiles/cmTC_7ae5b.dir/CheckFunctionExists.c.o
/usr/local/bin/gcc   -DCHECK_FUNCTION_EXISTS=pthread_create   -o CMakeFiles/cmTC_7ae5b.dir/CheckFunctionExists.c.o   -c /usr/local/share/cmake-3.12/Modules/CheckFunctionExists.c
Linking C executable cmTC_7ae5b
/usr/local/bin/cmake -E cmake_link_script CMakeFiles/cmTC_7ae5b.dir/link.txt --verbose=1
/usr/local/bin/gcc  -DCHECK_FUNCTION_EXISTS=pthread_create    -rdynamic CMakeFiles/cmTC_7ae5b.dir/CheckFunctionExists.c.o  -o cmTC_7ae5b -lpthread 
make[1]: Leaving directory '/home/nvidia/CLionProjects/LeaderFollowing_leader/build/CMakeFiles/CMakeTmp'


